Build started 3/30/2015 6:52:34 AM.
     1>Project "C:\Users\paul.kubik\Desktop\Engine\Graphics 2\EGP300-proj1\EGP300-proj1.vcxproj" on node 2 (Build target(s)).
     1>ClCompile:
         C:\Program Files (x86)\Microsoft Visual Studio 12.0\VC\bin\CL.exe /c /I../libs/SDL/include /I../libs/Arc/include /ZI /nologo /W3 /WX- /Od /Oy- /D NOGDI /D WIN32 /D _DEBUG /D _CONSOLE /D _CRT_SECURE_NO_WARNINGS /D _UNICODE /D UNICODE /Gm /EHsc /RTC1 /MDd /GS /fp:precise /Zc:wchar_t /Zc:forScope /Fo"Debug\\" /Fd"Debug\vc120.pdb" /Gd /TP /analyze- /errorReport:prompt BuoyancyForceGen.cpp
         BuoyancyForceGen.cpp
       Link:
         C:\Program Files (x86)\Microsoft Visual Studio 12.0\VC\bin\link.exe /ERRORREPORT:PROMPT /OUT:"C:\Users\paul.kubik\Desktop\Engine\Graphics 2\Debug\EGP300-proj2.exe" /INCREMENTAL /NOLOGO /LIBPATH:../libs/ /LIBPATH:../libs/SDL/lib/ /LIBPATH:../libs/Arc/lib ArcData.lib ArcCore.lib SDL.lib SDL_image.lib freeglut_static.lib gltools.lib kernel32.lib user32.lib gdi32.lib winspool.lib comdlg32.lib advapi32.lib shell32.lib ole32.lib oleaut32.lib uuid.lib odbc32.lib odbccp32.lib kernel32.lib user32.lib gdi32.lib winspool.lib comdlg32.lib advapi32.lib shell32.lib ole32.lib oleaut32.lib uuid.lib odbc32.lib odbccp32.lib /MANIFEST /MANIFESTUAC:"level='asInvoker' uiAccess='false'" /manifest:embed /DEBUG /PDB:"C:\Users\paul.kubik\Desktop\Engine\Graphics 2\Debug\EGP300-proj2.pdb" /SUBSYSTEM:CONSOLE /TLBID:1 /DYNAMICBASE /NXCOMPAT /IMPLIB:"C:\Users\paul.kubik\Desktop\Engine\Graphics 2\Debug\EGP300-proj2.lib" /MACHINE:X86 Debug\AnchorSpringForceGen.obj
         Debug\BillboardedTexture.obj
         Debug\BuoyancyForceGen.obj
         Debug\Camera.obj
         Debug\ColorBombShader.obj
         Debug\Debug.obj
         Debug\Diffuse.obj
         Debug\DragForceGenerator.obj
         Debug\ElasticForceGen.obj
         Debug\ForceGenerator.obj
         Debug\Game.obj
         Debug\GravityForceGenerator.obj
         Debug\GravityGenerator.obj
         Debug\Heightmap.obj
         Debug\main.obj
         Debug\Material.obj
         Debug\Matrix.obj
         Debug\Model.obj
         Debug\Object.obj
         Debug\Particle.obj
         Debug\ParticleEffect.obj
         Debug\ParticleForceGenerator.obj
         Debug\ParticleForceRegistry.obj
         Debug\ParticleSystemManager.obj
         Debug\PhysicsObject.obj
         Debug\ResourceManager.obj
         Debug\Shader.obj
         Debug\ShaderManager.obj
         Debug\Skybox.obj
         Debug\SpringForceGen.obj
         Debug\TerrainManager.obj
         Debug\Texture.obj
         Debug\Vector2D.obj
         Debug\Vector3D.obj
         Debug\WaveShader.obj
     1>LINK : warning LNK4098: defaultlib 'LIBCMT' conflicts with use of other libs; use /NODEFAULTLIB:library
     1>WaveShader.obj : warning LNK4099: PDB 'vc120.pdb' was not found with 'WaveShader.obj' or at 'C:\Users\paul.kubik\Desktop\Engine\Graphics 2\Debug\vc120.pdb'; linking object as if no debug info
     1>Vector3D.obj : warning LNK4099: PDB 'vc120.pdb' was not found with 'Vector3D.obj' or at 'C:\Users\paul.kubik\Desktop\Engine\Graphics 2\Debug\vc120.pdb'; linking object as if no debug info
     1>Vector2D.obj : warning LNK4099: PDB 'vc120.pdb' was not found with 'Vector2D.obj' or at 'C:\Users\paul.kubik\Desktop\Engine\Graphics 2\Debug\vc120.pdb'; linking object as if no debug info
     1>Texture.obj : warning LNK4099: PDB 'vc120.pdb' was not found with 'Texture.obj' or at 'C:\Users\paul.kubik\Desktop\Engine\Graphics 2\Debug\vc120.pdb'; linking object as if no debug info
     1>TerrainManager.obj : warning LNK4099: PDB 'vc120.pdb' was not found with 'TerrainManager.obj' or at 'C:\Users\paul.kubik\Desktop\Engine\Graphics 2\Debug\vc120.pdb'; linking object as if no debug info
     1>SpringForceGen.obj : warning LNK4099: PDB 'vc120.pdb' was not found with 'SpringForceGen.obj' or at 'C:\Users\paul.kubik\Desktop\Engine\Graphics 2\Debug\vc120.pdb'; linking object as if no debug info
     1>Skybox.obj : warning LNK4099: PDB 'vc120.pdb' was not found with 'Skybox.obj' or at 'C:\Users\paul.kubik\Desktop\Engine\Graphics 2\Debug\vc120.pdb'; linking object as if no debug info
     1>ShaderManager.obj : warning LNK4099: PDB 'vc120.pdb' was not found with 'ShaderManager.obj' or at 'C:\Users\paul.kubik\Desktop\Engine\Graphics 2\Debug\vc120.pdb'; linking object as if no debug info
     1>Shader.obj : warning LNK4099: PDB 'vc120.pdb' was not found with 'Shader.obj' or at 'C:\Users\paul.kubik\Desktop\Engine\Graphics 2\Debug\vc120.pdb'; linking object as if no debug info
     1>ResourceManager.obj : warning LNK4099: PDB 'vc120.pdb' was not found with 'ResourceManager.obj' or at 'C:\Users\paul.kubik\Desktop\Engine\Graphics 2\Debug\vc120.pdb'; linking object as if no debug info
     1>PhysicsObject.obj : warning LNK4099: PDB 'vc120.pdb' was not found with 'PhysicsObject.obj' or at 'C:\Users\paul.kubik\Desktop\Engine\Graphics 2\Debug\vc120.pdb'; linking object as if no debug info
     1>ParticleSystemManager.obj : warning LNK4099: PDB 'vc120.pdb' was not found with 'ParticleSystemManager.obj' or at 'C:\Users\paul.kubik\Desktop\Engine\Graphics 2\Debug\vc120.pdb'; linking object as if no debug info
     1>ParticleForceGenerator.obj : warning LNK4099: PDB 'vc120.pdb' was not found with 'ParticleForceGenerator.obj' or at 'C:\Users\paul.kubik\Desktop\Engine\Graphics 2\Debug\vc120.pdb'; linking object as if no debug info
     1>ParticleEffect.obj : warning LNK4099: PDB 'vc120.pdb' was not found with 'ParticleEffect.obj' or at 'C:\Users\paul.kubik\Desktop\Engine\Graphics 2\Debug\vc120.pdb'; linking object as if no debug info
     1>Particle.obj : warning LNK4099: PDB 'vc120.pdb' was not found with 'Particle.obj' or at 'C:\Users\paul.kubik\Desktop\Engine\Graphics 2\Debug\vc120.pdb'; linking object as if no debug info
     1>Object.obj : warning LNK4099: PDB 'vc120.pdb' was not found with 'Object.obj' or at 'C:\Users\paul.kubik\Desktop\Engine\Graphics 2\Debug\vc120.pdb'; linking object as if no debug info
     1>Model.obj : warning LNK4099: PDB 'vc120.pdb' was not found with 'Model.obj' or at 'C:\Users\paul.kubik\Desktop\Engine\Graphics 2\Debug\vc120.pdb'; linking object as if no debug info
     1>Matrix.obj : warning LNK4099: PDB 'vc120.pdb' was not found with 'Matrix.obj' or at 'C:\Users\paul.kubik\Desktop\Engine\Graphics 2\Debug\vc120.pdb'; linking object as if no debug info
     1>Material.obj : warning LNK4099: PDB 'vc120.pdb' was not found with 'Material.obj' or at 'C:\Users\paul.kubik\Desktop\Engine\Graphics 2\Debug\vc120.pdb'; linking object as if no debug info
     1>Heightmap.obj : warning LNK4099: PDB 'vc120.pdb' was not found with 'Heightmap.obj' or at 'C:\Users\paul.kubik\Desktop\Engine\Graphics 2\Debug\vc120.pdb'; linking object as if no debug info
     1>GravityGenerator.obj : warning LNK4099: PDB 'vc120.pdb' was not found with 'GravityGenerator.obj' or at 'C:\Users\paul.kubik\Desktop\Engine\Graphics 2\Debug\vc120.pdb'; linking object as if no debug info
     1>GravityForceGenerator.obj : warning LNK4099: PDB 'vc120.pdb' was not found with 'GravityForceGenerator.obj' or at 'C:\Users\paul.kubik\Desktop\Engine\Graphics 2\Debug\vc120.pdb'; linking object as if no debug info
     1>ForceGenerator.obj : warning LNK4099: PDB 'vc120.pdb' was not found with 'ForceGenerator.obj' or at 'C:\Users\paul.kubik\Desktop\Engine\Graphics 2\Debug\vc120.pdb'; linking object as if no debug info
     1>ElasticForceGen.obj : warning LNK4099: PDB 'vc120.pdb' was not found with 'ElasticForceGen.obj' or at 'C:\Users\paul.kubik\Desktop\Engine\Graphics 2\Debug\vc120.pdb'; linking object as if no debug info
     1>DragForceGenerator.obj : warning LNK4099: PDB 'vc120.pdb' was not found with 'DragForceGenerator.obj' or at 'C:\Users\paul.kubik\Desktop\Engine\Graphics 2\Debug\vc120.pdb'; linking object as if no debug info
     1>Diffuse.obj : warning LNK4099: PDB 'vc120.pdb' was not found with 'Diffuse.obj' or at 'C:\Users\paul.kubik\Desktop\Engine\Graphics 2\Debug\vc120.pdb'; linking object as if no debug info
     1>Debug.obj : warning LNK4099: PDB 'vc120.pdb' was not found with 'Debug.obj' or at 'C:\Users\paul.kubik\Desktop\Engine\Graphics 2\Debug\vc120.pdb'; linking object as if no debug info
     1>ColorBombShader.obj : warning LNK4099: PDB 'vc120.pdb' was not found with 'ColorBombShader.obj' or at 'C:\Users\paul.kubik\Desktop\Engine\Graphics 2\Debug\vc120.pdb'; linking object as if no debug info
     1>Camera.obj : warning LNK4099: PDB 'vc120.pdb' was not found with 'Camera.obj' or at 'C:\Users\paul.kubik\Desktop\Engine\Graphics 2\Debug\vc120.pdb'; linking object as if no debug info
     1>BillboardedTexture.obj : warning LNK4099: PDB 'vc120.pdb' was not found with 'BillboardedTexture.obj' or at 'C:\Users\paul.kubik\Desktop\Engine\Graphics 2\Debug\vc120.pdb'; linking object as if no debug info
     1>AnchorSpringForceGen.obj : warning LNK4099: PDB 'vc120.pdb' was not found with 'AnchorSpringForceGen.obj' or at 'C:\Users\paul.kubik\Desktop\Engine\Graphics 2\Debug\vc120.pdb'; linking object as if no debug info
     1>ArcCore.lib(ArcCore.obj) : warning LNK4099: PDB 'vc120.pdb' was not found with 'ArcCore.lib(ArcCore.obj)' or at 'C:\Users\paul.kubik\Desktop\Engine\Graphics 2\Debug\vc120.pdb'; linking object as if no debug info
     1>ArcCore.lib(ManagedObject.obj) : warning LNK4099: PDB 'vc120.pdb' was not found with 'ArcCore.lib(ManagedObject.obj)' or at 'C:\Users\paul.kubik\Desktop\Engine\Graphics 2\Debug\vc120.pdb'; linking object as if no debug info
     1>ArcCore.lib(MemoryTracker.obj) : warning LNK4099: PDB 'vc120.pdb' was not found with 'ArcCore.lib(MemoryTracker.obj)' or at 'C:\Users\paul.kubik\Desktop\Engine\Graphics 2\Debug\vc120.pdb'; linking object as if no debug info
     1>ArcCore.lib(RandomFunctions.obj) : warning LNK4099: PDB 'vc120.pdb' was not found with 'ArcCore.lib(RandomFunctions.obj)' or at 'C:\Users\paul.kubik\Desktop\Engine\Graphics 2\Debug\vc120.pdb'; linking object as if no debug info
     1>ArcCore.lib(StringFunctions.obj) : warning LNK4099: PDB 'vc120.pdb' was not found with 'ArcCore.lib(StringFunctions.obj)' or at 'C:\Users\paul.kubik\Desktop\Engine\Graphics 2\Debug\vc120.pdb'; linking object as if no debug info
     1>gltools.lib(GLBatch.obj) : warning LNK4099: PDB 'vc90.pdb' was not found with 'gltools.lib(GLBatch.obj)' or at 'C:\Users\paul.kubik\Desktop\Engine\Graphics 2\Debug\vc90.pdb'; linking object as if no debug info
     1>gltools.lib(glew.obj) : warning LNK4099: PDB 'vc90.pdb' was not found with 'gltools.lib(glew.obj)' or at 'C:\Users\paul.kubik\Desktop\Engine\Graphics 2\Debug\vc90.pdb'; linking object as if no debug info
     1>gltools.lib(GLShaderManager.obj) : warning LNK4099: PDB 'vc90.pdb' was not found with 'gltools.lib(GLShaderManager.obj)' or at 'C:\Users\paul.kubik\Desktop\Engine\Graphics 2\Debug\vc90.pdb'; linking object as if no debug info
     1>gltools.lib(GLTools.obj) : warning LNK4099: PDB 'vc90.pdb' was not found with 'gltools.lib(GLTools.obj)' or at 'C:\Users\paul.kubik\Desktop\Engine\Graphics 2\Debug\vc90.pdb'; linking object as if no debug info
     1>gltools.lib(GLTriangleBatch.obj) : warning LNK4099: PDB 'vc90.pdb' was not found with 'gltools.lib(GLTriangleBatch.obj)' or at 'C:\Users\paul.kubik\Desktop\Engine\Graphics 2\Debug\vc90.pdb'; linking object as if no debug info
         EGP300-proj1.vcxproj -> C:\Users\paul.kubik\Desktop\Engine\Graphics 2\Debug\EGP300-proj2.exe
     1>Done Building Project "C:\Users\paul.kubik\Desktop\Engine\Graphics 2\EGP300-proj1\EGP300-proj1.vcxproj" (Build target(s)).

Build succeeded.

Time Elapsed 00:00:02.81
