c:\users\paul.kubik\desktop\game_physics\graphics 2\egp300-proj1\debug\vc120.pdb
c:\users\paul.kubik\desktop\game_physics\graphics 2\egp300-proj1\debug\vc120.idb
c:\users\paul.kubik\desktop\game_physics\graphics 2\egp300-proj1\debug\forcegenerator.obj
c:\users\paul.kubik\desktop\game_physics\graphics 2\egp300-proj1\debug\game.obj
c:\users\paul.kubik\desktop\game_physics\graphics 2\egp300-proj1\debug\gravitygenerator.obj
c:\users\paul.kubik\desktop\game_physics\graphics 2\egp300-proj1\debug\heightmap.obj
c:\users\paul.kubik\desktop\game_physics\graphics 2\egp300-proj1\debug\main.obj
c:\users\paul.kubik\desktop\game_physics\graphics 2\egp300-proj1\debug\material.obj
c:\users\paul.kubik\desktop\game_physics\graphics 2\egp300-proj1\debug\matrix.obj
c:\users\paul.kubik\desktop\game_physics\graphics 2\egp300-proj1\debug\model.obj
c:\users\paul.kubik\desktop\game_physics\graphics 2\egp300-proj1\debug\object.obj
c:\users\paul.kubik\desktop\game_physics\graphics 2\egp300-proj1\debug\particle.obj
c:\users\paul.kubik\desktop\game_physics\graphics 2\egp300-proj1\debug\particleeffect.obj
c:\users\paul.kubik\desktop\game_physics\graphics 2\egp300-proj1\debug\particlesystemmanager.obj
c:\users\paul.kubik\desktop\game_physics\graphics 2\egp300-proj1\debug\physicsobject.obj
c:\users\paul.kubik\desktop\game_physics\graphics 2\egp300-proj1\debug\resourcemanager.obj
c:\users\paul.kubik\desktop\game_physics\graphics 2\egp300-proj1\debug\shadermanager.obj
c:\users\paul.kubik\desktop\game_physics\graphics 2\egp300-proj1\debug\skybox.obj
c:\users\paul.kubik\desktop\game_physics\graphics 2\egp300-proj1\debug\terrainmanager.obj
c:\users\paul.kubik\desktop\game_physics\graphics 2\egp300-proj1\debug\texture.obj
c:\users\paul.kubik\desktop\game_physics\graphics 2\egp300-proj1\debug\vector2d.obj
c:\users\paul.kubik\desktop\game_physics\graphics 2\egp300-proj1\debug\vector3d.obj
c:\users\paul.kubik\desktop\game_physics\graphics 2\egp300-proj1\debug\billboardedtexture.obj
c:\users\paul.kubik\desktop\game_physics\graphics 2\egp300-proj1\debug\camera.obj
c:\users\paul.kubik\desktop\game_physics\graphics 2\egp300-proj1\debug\debug.obj
c:\users\paul.kubik\desktop\game_physics\graphics 2\debug\egp300-proj2.pdb
c:\users\paul.kubik\desktop\game_physics\graphics 2\debug\egp300-proj2.exe
c:\users\paul.kubik\desktop\game_physics\graphics 2\debug\egp300-proj2.ilk
c:\users\paul.kubik\desktop\game_physics\graphics 2\egp300-proj1\debug\egp300-proj2.tlog\cl.command.1.tlog
c:\users\paul.kubik\desktop\game_physics\graphics 2\egp300-proj1\debug\egp300-proj2.tlog\cl.read.1.tlog
c:\users\paul.kubik\desktop\game_physics\graphics 2\egp300-proj1\debug\egp300-proj2.tlog\cl.write.1.tlog
c:\users\paul.kubik\desktop\game_physics\graphics 2\egp300-proj1\debug\egp300-proj2.tlog\link.command.1.tlog
c:\users\paul.kubik\desktop\game_physics\graphics 2\egp300-proj1\debug\egp300-proj2.tlog\link.read.1.tlog
c:\users\paul.kubik\desktop\game_physics\graphics 2\egp300-proj1\debug\egp300-proj2.tlog\link.write.1.tlog
